<?xml version="1.0" encoding="UTF-8"?>
<!-- Generated by org.testng.reporters.JUnitReportReporter -->
<testsuite hostname="Sagar" failures="0" tests="2" name="com.qa.LoginTest" time="37.805" errors="0" timestamp="2022-08-25T16:23:42 IST" skipped="0">
  <testcase classname="com.qa.LoginTest" name="loginTest" time="17.340"/>
  <system-out/>
  <testcase classname="com.qa.LoginTest" name="loginTest" time="20.465"/>
  <system-out/>
</testsuite> <!-- com.qa.LoginTest -->
