<?xml version="1.0" encoding="UTF-8"?>
<!-- Generated by org.testng.reporters.JUnitReportReporter -->
<testsuite hostname="Sagar" failures="0" tests="1" name="com.qa.ItemBuyTest" time="13.522" errors="0" timestamp="2022-09-18T10:26:30 IST" skipped="0">
  <testcase classname="com.qa.ItemBuyTest" name="itemBuyTest" time="13.522"/>
  <system-out/>
</testsuite> <!-- com.qa.ItemBuyTest -->
