<?xml version="1.0" encoding="UTF-8"?>
<!-- Generated by org.testng.reporters.JUnitReportReporter -->
<testsuite hostname="Sagar" failures="0" tests="2" name="com.qa.LoginTest" time="14.731" errors="0" timestamp="2022-09-18T10:26:30 IST" skipped="0">
  <testcase classname="com.qa.LoginTest" name="loginTest" time="3.241"/>
  <system-out/>
  <testcase classname="com.qa.LoginTest" name="loginTest" time="11.490"/>
  <system-out/>
</testsuite> <!-- com.qa.LoginTest -->
