<?xml version="1.0" encoding="UTF-8"?>
<!-- Generated by org.testng.reporters.JUnitReportReporter -->
<testsuite hostname="Sagar" failures="0" tests="1" name="com.qa.ItemBuyTest" time="8.789" errors="0" timestamp="2022-08-21T13:19:14 IST" skipped="0">
  <testcase classname="com.qa.ItemBuyTest" name="loginTest" time="8.789"/>
  <system-out/>
</testsuite> <!-- com.qa.ItemBuyTest -->
