<?xml version="1.0" encoding="UTF-8"?>
<!-- Generated by org.testng.reporters.JUnitReportReporter -->
<testsuite hostname="Sagar" failures="0" tests="2" name="com.qa.LoginTest" time="17.039" errors="0" timestamp="2022-08-21T13:19:14 IST" skipped="0">
  <testcase classname="com.qa.LoginTest" name="lockedoutUserTest" time="7.636"/>
  <system-out/>
  <testcase classname="com.qa.LoginTest" name="loginTest" time="9.403"/>
  <system-out/>
</testsuite> <!-- com.qa.LoginTest -->
