<?xml version="1.0" encoding="UTF-8"?>
<!-- Generated by org.testng.reporters.JUnitReportReporter -->
<testsuite hostname="Sagar" failures="0" tests="2" name="com.qa.LoginTest" time="21.115" errors="0" timestamp="2022-08-24T12:45:40 IST" skipped="0">
  <testcase classname="com.qa.LoginTest" name="loginTest" time="9.222"/>
  <system-out/>
  <testcase classname="com.qa.LoginTest" name="loginTest" time="11.893"/>
  <system-out/>
</testsuite> <!-- com.qa.LoginTest -->
