<?xml version="1.0" encoding="UTF-8"?>
<!-- Generated by org.testng.reporters.JUnitReportReporter -->
<testsuite skipped="0" hostname="Sagar" name="com.qa.LoginTest" tests="2" failures="0" timestamp="2022-08-26T11:47:59 IST" time="16.733" errors="0">
  <testcase name="loginTest" time="7.952" classname="com.qa.LoginTest"/>
  <system-out/>
  <testcase name="loginTest" time="8.781" classname="com.qa.LoginTest"/>
  <system-out/>
</testsuite> <!-- com.qa.LoginTest -->
