<?xml version="1.0" encoding="UTF-8"?>
<!-- Generated by org.testng.reporters.JUnitReportReporter -->
<testsuite hostname="Sagar" failures="0" tests="2" name="com.qa.LoginTest" time="14.772" errors="0" timestamp="2022-08-25T10:54:39 IST" skipped="0">
  <testcase classname="com.qa.LoginTest" name="loginTest" time="7.819"/>
  <system-out/>
  <testcase classname="com.qa.LoginTest" name="loginTest" time="6.953"/>
  <system-out/>
</testsuite> <!-- com.qa.LoginTest -->
