<?xml version="1.0" encoding="UTF-8"?>
<!-- Generated by org.testng.reporters.JUnitReportReporter -->
<testsuite hostname="Sagar" failures="0" tests="2" name="com.qa.LoginTest" time="23.345" errors="0" timestamp="2022-08-25T16:26:53 IST" skipped="0">
  <testcase classname="com.qa.LoginTest" name="loginTest" time="17.558"/>
  <system-out/>
  <testcase classname="com.qa.LoginTest" name="loginTest" time="5.787"/>
  <system-out/>
</testsuite> <!-- com.qa.LoginTest -->
